Arguments: 
  /Users/robin/.nvm/versions/node/v18.14.1/bin/node /opt/homebrew/bin/yarn add tsup --dev

PATH: 
  /Users/robin/.nvm/versions/node/v18.14.1/bin:/Library/Frameworks/Python.framework/Versions/3.9/bin:/Library/Frameworks/Python.framework/Versions/3.11/bin:/opt/homebrew/bin:/opt/homebrew/sbin:/usr/local/bin:/System/Cryptexes/App/usr/bin:/usr/bin:/bin:/usr/sbin:/sbin:/Library/Apple/usr/bin:/Library/Frameworks/Mono.framework/Versions/Current/Commands:/Users/robin/.nvm/versions/node/v18.14.1/bin:/Users/robin/opt/anaconda3/bin:/Users/robin/opt/anaconda3/condabin:/Library/Frameworks/Python.framework/Versions/3.9/bin:/Library/Frameworks/Python.framework/Versions/3.11/bin:/opt/homebrew/bin:/opt/homebrew/sbin:/Users/robin/.foundry/bin:/Users/robin/.foundry/bin

Yarn version: 
  1.22.19

Node version: 
  18.14.1

Platform: 
  darwin arm64

Trace: 
  Error: ENOENT: no such file or directory, copyfile '/Users/robin/Library/Caches/Yarn/v6/npm-supports-color-8.1.1-cd6fc17e28500cff56c1b86c0a7fd4a54a73005c-integrity/node_modules/supports-color/index.js' -> '/Users/robin/Code/wobbl3/wobbl3-docs/themes/wobbl3-theme/node_modules/concurrently/node_modules/supports-color/index.js'

npm manifest: 
  {
    "name": "nextra-theme-docs",
    "version": "2.2.19",
    "description": "A Nextra theme for documentation sites.",
    "repository": "https://github.com/shuding/nextra",
    "author": "Shu Ding <g@shud.in>",
    "license": "MIT",
    "files": [
      "dist",
      "style.css"
    ],
    "sideEffects": [
      "./src/polyfill.ts"
    ],
    "typesVersions": {
      "*": {
        ".": [
          "./dist/index.d.ts"
        ]
      }
    },
    "types": "./dist/index.d.ts",
    "exports": {
      "./style.css": "./style.css",
      ".": {
        "import": "./dist/index.js",
        "types": "./dist/index.d.ts"
      }
    },
    "scripts": {
      "dev": "concurrently \"pnpm dev:layout\" \"pnpm dev:tailwind\"",
      "build": "tsup",
      "build:all": "pnpm build && pnpm build:tailwind",
      "build:tailwind": "pnpm postcss css/styles.css -o style.css --verbose",
      "types": "tsup --dts-only",
      "types:check": "tsc --noEmit",
      "dev:layout": "tsup --watch",
      "dev:tailwind": "TAILWIND_MODE=watch pnpm postcss css/styles.css -o style.css --watch",
      "prepublishOnly": "pnpm build:all",
      "test": "vitest --run",
      "clean": "rimraf ./dist ./style.css",
      "format": "prettier --ignore-path ../../.gitignore --write --list-different ."
    },
    "dependencies": {
      "@headlessui/react": "^1.7.10",
      "@popperjs/core": "^2.11.6",
      "clsx": "^1.2.1",
      "flexsearch": "^0.7.21",
      "focus-visible": "^5.2.0",
      "git-url-parse": "^13.1.0",
      "intersection-observer": "^0.12.2",
      "match-sorter": "^6.3.1",
      "next-seo": "^5.5.0",
      "next-themes": "^0.2.1",
      "scroll-into-view-if-needed": "^3.0.0",
      "zod": "^3.20.2"
    },
    "peerDependencies": {
      "next": ">=9.5.3",
      "nextra": "latest",
      "react": ">=16.13.1",
      "react-dom": ">=16.13.1"
    },
    "devDependencies": {
      "@tailwindcss/nesting": "^0.0.0-insiders.565cd3e",
      "@testing-library/react": "^14.0.0",
      "@types/flexsearch": "^0.7.3",
      "@types/git-url-parse": "^9.0.1",
      "@types/react": "^18.0.15",
      "@types/react-dom": "^18.0.6",
      "@vitejs/plugin-react": "^3.0.1",
      "concurrently": "^7.3.0",
      "jsdom": "^21.1.0",
      "next": "^13.1.1",
      "nextra": "latest",
      "postcss": "^8.4.21",
      "postcss-cli": "^10.1.0",
      "postcss-import": "^15.1.0",
      "postcss-lightningcss": "^0.6.0",
      "react": "^18.2.0",
      "react-dom": "^18.2.0",
      "tailwindcss": "^3.2.4",
      "vitest": "^0.29.0"
    }
  }

yarn manifest: 
  No manifest

Lockfile: 
  No lockfile
